<?xml version="1.0" encoding="UTF-8"?>
<testsuite name="spring.boot.example.controller.BoardControllerTest" time="0.088" tests="2" errors="0" skipped="1" failures="0">
  <properties>
[...]
</properties>
  <testcase name="testGet" classname="spring.boot.example.controller.BoardControllerTest" time="0">
    <skipped/>
    <system-out><![CDATA[17:08:21.133 [main] DEBUG o.s.t.c.j.SpringJUnit4ClassRunner - SpringJUnit4ClassRunner constructor called with [class spring.boot.example.controller.BoardControllerTest]
17:08:21.139 [main] DEBUG o.s.test.context.BootstrapUtils - Instantiating CacheAwareContextLoaderDelegate from class [org.springframework.test.context.cache.DefaultCacheAwareContextLoaderDelegate]
17:08:21.143 [main] DEBUG o.s.test.context.BootstrapUtils - Instantiating BootstrapContext using constructor [public org.springframework.test.context.support.DefaultBootstrapContext(java.lang.Class,org.springframework.test.context.CacheAwareContextLoaderDelegate)]
17:08:21.153 [main] DEBUG o.s.test.context.BootstrapUtils - Instantiating TestContextBootstrapper for test class [spring.boot.example.controller.BoardControllerTest] from class [org.springframework.test.context.web.WebTestContextBootstrapper]
17:08:21.171 [main] DEBUG o.s.t.c.w.WebTestContextBootstrapper - Found explicit ContextLoader class [org.springframework.boot.test.SpringApplicationContextLoader] for context configuration attributes [ContextConfigurationAttributes@6e6c3152 declaringClass = 'spring.boot.example.base.BaseControllerTests', classes = '{class spring.boot.example.config.SampleWebJspApplication}', locations = '{}', inheritLocations = true, initializers = '{}', inheritInitializers = true, name = [null], contextLoaderClass = 'org.springframework.boot.test.SpringApplicationContextLoader']
17:08:21.176 [main] DEBUG o.s.t.c.s.AbstractContextLoader - Did not detect default resource location for test class [spring.boot.example.base.BaseControllerTests]: class path resource [spring/boot/example/base/BaseControllerTests-context.xml] does not exist
17:08:21.176 [main] DEBUG o.s.t.c.s.AbstractContextLoader - Did not detect default resource location for test class [spring.boot.example.base.BaseControllerTests]: class path resource [spring/boot/example/base/BaseControllerTestsContext.groovy] does not exist
17:08:21.176 [main] INFO  o.s.t.c.s.AbstractContextLoader - Could not detect default resource locations for test class [spring.boot.example.base.BaseControllerTests]: no resource found for suffixes {-context.xml, Context.groovy}.
17:08:21.178 [main] DEBUG o.s.t.c.support.ActiveProfilesUtils - Could not find an 'annotation declaring class' for annotation type [org.springframework.test.context.ActiveProfiles] and class [spring.boot.example.controller.BoardControllerTest]
17:08:21.181 [main] DEBUG o.s.t.c.w.WebTestContextBootstrapper - @TestExecutionListeners is not present for class [spring.boot.example.controller.BoardControllerTest]: using defaults.
17:08:21.187 [main] INFO  o.s.t.c.w.WebTestContextBootstrapper - Loaded default TestExecutionListener class names from location [META-INF/spring.factories]: [org.springframework.test.context.web.ServletTestExecutionListener, org.springframework.test.context.support.DirtiesContextBeforeModesTestExecutionListener, org.springframework.test.context.support.DependencyInjectionTestExecutionListener, org.springframework.test.context.support.DirtiesContextTestExecutionListener, org.springframework.test.context.transaction.TransactionalTestExecutionListener, org.springframework.test.context.jdbc.SqlScriptsTestExecutionListener]
17:08:21.200 [main] INFO  o.s.t.c.w.WebTestContextBootstrapper - Using TestExecutionListeners: [org.springframework.test.context.web.ServletTestExecutionListener@587d1d39, org.springframework.test.context.support.DirtiesContextBeforeModesTestExecutionListener@58c1670b, org.springframework.test.context.support.DependencyInjectionTestExecutionListener@6b57696f, org.springframework.test.context.support.DirtiesContextTestExecutionListener@5bb21b69, org.springframework.test.context.transaction.TransactionalTestExecutionListener@6b9651f3, org.springframework.test.context.jdbc.SqlScriptsTestExecutionListener@38bc8ab5]
17:08:21.201 [main] DEBUG o.s.t.c.j.SpringJUnit4ClassRunner - SpringJUnit4ClassRunner constructor called with [class spring.boot.example.controller.SampleControllerTest]
17:08:21.201 [main] DEBUG o.s.test.context.BootstrapUtils - Instantiating CacheAwareContextLoaderDelegate from class [org.springframework.test.context.cache.DefaultCacheAwareContextLoaderDelegate]
17:08:21.201 [main] DEBUG o.s.test.context.BootstrapUtils - Instantiating BootstrapContext using constructor [public org.springframework.test.context.support.DefaultBootstrapContext(java.lang.Class,org.springframework.test.context.CacheAwareContextLoaderDelegate)]
17:08:21.202 [main] DEBUG o.s.test.context.BootstrapUtils - Instantiating TestContextBootstrapper for test class [spring.boot.example.controller.SampleControllerTest] from class [org.springframework.test.context.web.WebTestContextBootstrapper]
17:08:21.203 [main] DEBUG o.s.t.c.w.WebTestContextBootstrapper - Found explicit ContextLoader class [org.springframework.boot.test.SpringApplicationContextLoader] for context configuration attributes [ContextConfigurationAttributes@23d2a7e8 declaringClass = 'spring.boot.example.base.BaseControllerTests', classes = '{class spring.boot.example.config.SampleWebJspApplication}', locations = '{}', inheritLocations = true, initializers = '{}', inheritInitializers = true, name = [null], contextLoaderClass = 'org.springframework.boot.test.SpringApplicationContextLoader']
17:08:21.204 [main] DEBUG o.s.t.c.s.AbstractContextLoader - Did not detect default resource location for test class [spring.boot.example.base.BaseControllerTests]: class path resource [spring/boot/example/base/BaseControllerTests-context.xml] does not exist
17:08:21.204 [main] DEBUG o.s.t.c.s.AbstractContextLoader - Did not detect default resource location for test class [spring.boot.example.base.BaseControllerTests]: class path resource [spring/boot/example/base/BaseControllerTestsContext.groovy] does not exist
17:08:21.204 [main] INFO  o.s.t.c.s.AbstractContextLoader - Could not detect default resource locations for test class [spring.boot.example.base.BaseControllerTests]: no resource found for suffixes {-context.xml, Context.groovy}.
17:08:21.205 [main] DEBUG o.s.t.c.support.ActiveProfilesUtils - Could not find an 'annotation declaring class' for annotation type [org.springframework.test.context.ActiveProfiles] and class [spring.boot.example.controller.SampleControllerTest]
17:08:21.205 [main] DEBUG o.s.t.c.w.WebTestContextBootstrapper - @TestExecutionListeners is not present for class [spring.boot.example.controller.SampleControllerTest]: using defaults.
17:08:21.207 [main] INFO  o.s.t.c.w.WebTestContextBootstrapper - Loaded default TestExecutionListener class names from location [META-INF/spring.factories]: [org.springframework.test.context.web.ServletTestExecutionListener, org.springframework.test.context.support.DirtiesContextBeforeModesTestExecutionListener, org.springframework.test.context.support.DependencyInjectionTestExecutionListener, org.springframework.test.context.support.DirtiesContextTestExecutionListener, org.springframework.test.context.transaction.TransactionalTestExecutionListener, org.springframework.test.context.jdbc.SqlScriptsTestExecutionListener]
17:08:21.207 [main] INFO  o.s.t.c.w.WebTestContextBootstrapper - Using TestExecutionListeners: [org.springframework.test.context.web.ServletTestExecutionListener@cb51256, org.springframework.test.context.support.DirtiesContextBeforeModesTestExecutionListener@59906517, org.springframework.test.context.support.DependencyInjectionTestExecutionListener@5bfbf16f, org.springframework.test.context.support.DirtiesContextTestExecutionListener@25af5db5, org.springframework.test.context.transaction.TransactionalTestExecutionListener@12cdcf4, org.springframework.test.context.jdbc.SqlScriptsTestExecutionListener@5bcea91b]
17:08:21.209 [main] DEBUG o.s.t.c.j.SpringJUnit4ClassRunner - SpringJUnit4ClassRunner constructor called with [class spring.boot.example.controller.UserControllerTest]
17:08:21.209 [main] DEBUG o.s.test.context.BootstrapUtils - Instantiating CacheAwareContextLoaderDelegate from class [org.springframework.test.context.cache.DefaultCacheAwareContextLoaderDelegate]
17:08:21.209 [main] DEBUG o.s.test.context.BootstrapUtils - Instantiating BootstrapContext using constructor [public org.springframework.test.context.support.DefaultBootstrapContext(java.lang.Class,org.springframework.test.context.CacheAwareContextLoaderDelegate)]
17:08:21.209 [main] DEBUG o.s.test.context.BootstrapUtils - Instantiating TestContextBootstrapper for test class [spring.boot.example.controller.UserControllerTest] from class [org.springframework.test.context.web.WebTestContextBootstrapper]
17:08:21.211 [main] DEBUG o.s.t.c.w.WebTestContextBootstrapper - Found explicit ContextLoader class [org.springframework.boot.test.SpringApplicationContextLoader] for context configuration attributes [ContextConfigurationAttributes@670b40af declaringClass = 'spring.boot.example.base.BaseControllerTests', classes = '{class spring.boot.example.config.SampleWebJspApplication}', locations = '{}', inheritLocations = true, initializers = '{}', inheritInitializers = true, name = [null], contextLoaderClass = 'org.springframework.boot.test.SpringApplicationContextLoader']
17:08:21.211 [main] DEBUG o.s.t.c.s.AbstractContextLoader - Did not detect default resource location for test class [spring.boot.example.base.BaseControllerTests]: class path resource [spring/boot/example/base/BaseControllerTests-context.xml] does not exist
17:08:21.212 [main] DEBUG o.s.t.c.s.AbstractContextLoader - Did not detect default resource location for test class [spring.boot.example.base.BaseControllerTests]: class path resource [spring/boot/example/base/BaseControllerTestsContext.groovy] does not exist
17:08:21.212 [main] INFO  o.s.t.c.s.AbstractContextLoader - Could not detect default resource locations for test class [spring.boot.example.base.BaseControllerTests]: no resource found for suffixes {-context.xml, Context.groovy}.
17:08:21.212 [main] DEBUG o.s.t.c.support.ActiveProfilesUtils - Could not find an 'annotation declaring class' for annotation type [org.springframework.test.context.ActiveProfiles] and class [spring.boot.example.controller.UserControllerTest]
17:08:21.212 [main] DEBUG o.s.t.c.w.WebTestContextBootstrapper - @TestExecutionListeners is not present for class [spring.boot.example.controller.UserControllerTest]: using defaults.
17:08:21.214 [main] INFO  o.s.t.c.w.WebTestContextBootstrapper - Loaded default TestExecutionListener class names from location [META-INF/spring.factories]: [org.springframework.test.context.web.ServletTestExecutionListener, org.springframework.test.context.support.DirtiesContextBeforeModesTestExecutionListener, org.springframework.test.context.support.DependencyInjectionTestExecutionListener, org.springframework.test.context.support.DirtiesContextTestExecutionListener, org.springframework.test.context.transaction.TransactionalTestExecutionListener, org.springframework.test.context.jdbc.SqlScriptsTestExecutionListener]
17:08:21.215 [main] INFO  o.s.t.c.w.WebTestContextBootstrapper - Using TestExecutionListeners: [org.springframework.test.context.web.ServletTestExecutionListener@77ec78b9, org.springframework.test.context.support.DirtiesContextBeforeModesTestExecutionListener@1a3869f4, org.springframework.test.context.support.DependencyInjectionTestExecutionListener@a38d7a3, org.springframework.test.context.support.DirtiesContextTestExecutionListener@77f99a05, org.springframework.test.context.transaction.TransactionalTestExecutionListener@63440df3, org.springframework.test.context.jdbc.SqlScriptsTestExecutionListener@3aeaafa6]
17:08:21.216 [main] DEBUG o.s.t.c.j.SpringJUnit4ClassRunner - SpringJUnit4ClassRunner constructor called with [class spring.boot.example.service.BoardServiceTest]
17:08:21.217 [main] DEBUG o.s.test.context.BootstrapUtils - Instantiating CacheAwareContextLoaderDelegate from class [org.springframework.test.context.cache.DefaultCacheAwareContextLoaderDelegate]
17:08:21.217 [main] DEBUG o.s.test.context.BootstrapUtils - Instantiating BootstrapContext using constructor [public org.springframework.test.context.support.DefaultBootstrapContext(java.lang.Class,org.springframework.test.context.CacheAwareContextLoaderDelegate)]
17:08:21.217 [main] DEBUG o.s.test.context.BootstrapUtils - Instantiating TestContextBootstrapper for test class [spring.boot.example.service.BoardServiceTest] from class [org.springframework.test.context.web.WebTestContextBootstrapper]
17:08:21.221 [main] DEBUG o.s.t.c.w.WebTestContextBootstrapper - Found explicit ContextLoader class [org.springframework.boot.test.SpringApplicationContextLoader] for context configuration attributes [ContextConfigurationAttributes@1b26f7b2 declaringClass = 'spring.boot.example.service.BoardServiceTest', classes = '{class spring.boot.example.config.SampleWebJspApplication}', locations = '{}', inheritLocations = true, initializers = '{}', inheritInitializers = true, name = [null], contextLoaderClass = 'org.springframework.boot.test.SpringApplicationContextLoader']
17:08:21.222 [main] DEBUG o.s.t.c.s.AbstractContextLoader - Did not detect default resource location for test class [spring.boot.example.service.BoardServiceTest]: class path resource [spring/boot/example/service/BoardServiceTest-context.xml] does not exist
17:08:21.222 [main] DEBUG o.s.t.c.s.AbstractContextLoader - Did not detect default resource location for test class [spring.boot.example.service.BoardServiceTest]: class path resource [spring/boot/example/service/BoardServiceTestContext.groovy] does not exist
17:08:21.222 [main] INFO  o.s.t.c.s.AbstractContextLoader - Could not detect default resource locations for test class [spring.boot.example.service.BoardServiceTest]: no resource found for suffixes {-context.xml, Context.groovy}.
17:08:21.223 [main] DEBUG o.s.t.c.support.ActiveProfilesUtils - Could not find an 'annotation declaring class' for annotation type [org.springframework.test.context.ActiveProfiles] and class [spring.boot.example.service.BoardServiceTest]
17:08:21.223 [main] DEBUG o.s.t.c.w.WebTestContextBootstrapper - @TestExecutionListeners is not present for class [spring.boot.example.service.BoardServiceTest]: using defaults.
17:08:21.225 [main] INFO  o.s.t.c.w.WebTestContextBootstrapper - Loaded default TestExecutionListener class names from location [META-INF/spring.factories]: [org.springframework.test.context.web.ServletTestExecutionListener, org.springframework.test.context.support.DirtiesContextBeforeModesTestExecutionListener, org.springframework.test.context.support.DependencyInjectionTestExecutionListener, org.springframework.test.context.support.DirtiesContextTestExecutionListener, org.springframework.test.context.transaction.TransactionalTestExecutionListener, org.springframework.test.context.jdbc.SqlScriptsTestExecutionListener]
17:08:21.225 [main] INFO  o.s.t.c.w.WebTestContextBootstrapper - Using TestExecutionListeners: [org.springframework.test.context.web.ServletTestExecutionListener@6950e31, org.springframework.test.context.support.DirtiesContextBeforeModesTestExecutionListener@b7dd107, org.springframework.test.context.support.DependencyInjectionTestExecutionListener@42eca56e, org.springframework.test.context.support.DirtiesContextTestExecutionListener@52f759d7, org.springframework.test.context.transaction.TransactionalTestExecutionListener@7cbd213e, org.springframework.test.context.jdbc.SqlScriptsTestExecutionListener@192d3247]
17:08:21.229 [main] DEBUG o.s.t.annotation.ProfileValueUtils - Retrieved @ProfileValueSourceConfiguration [null] for test class [spring.boot.example.controller.BoardControllerTest]
17:08:21.230 [main] DEBUG o.s.t.annotation.ProfileValueUtils - Retrieved ProfileValueSource type [class org.springframework.test.annotation.SystemProfileValueSource] for class [spring.boot.example.controller.BoardControllerTest]
17:08:21.230 [main] DEBUG o.s.t.annotation.ProfileValueUtils - Retrieved @ProfileValueSourceConfiguration [null] for test class [spring.boot.example.controller.SampleControllerTest]
17:08:21.230 [main] DEBUG o.s.t.annotation.ProfileValueUtils - Retrieved ProfileValueSource type [class org.springframework.test.annotation.SystemProfileValueSource] for class [spring.boot.example.controller.SampleControllerTest]
17:08:21.231 [main] DEBUG o.s.t.annotation.ProfileValueUtils - Retrieved @ProfileValueSourceConfiguration [null] for test class [spring.boot.example.controller.UserControllerTest]
17:08:21.231 [main] DEBUG o.s.t.annotation.ProfileValueUtils - Retrieved ProfileValueSource type [class org.springframework.test.annotation.SystemProfileValueSource] for class [spring.boot.example.controller.UserControllerTest]
17:08:21.231 [main] DEBUG o.s.t.annotation.ProfileValueUtils - Retrieved @ProfileValueSourceConfiguration [null] for test class [spring.boot.example.service.BoardServiceTest]
17:08:21.231 [main] DEBUG o.s.t.annotation.ProfileValueUtils - Retrieved ProfileValueSource type [class org.springframework.test.annotation.SystemProfileValueSource] for class [spring.boot.example.service.BoardServiceTest]
17:08:21.234 [main] DEBUG o.s.t.c.j.SpringJUnit4ClassRunner - SpringJUnit4ClassRunner constructor called with [class spring.boot.example.controller.BoardControllerTest]
17:08:21.234 [main] DEBUG o.s.test.context.BootstrapUtils - Instantiating CacheAwareContextLoaderDelegate from class [org.springframework.test.context.cache.DefaultCacheAwareContextLoaderDelegate]
17:08:21.234 [main] DEBUG o.s.test.context.BootstrapUtils - Instantiating BootstrapContext using constructor [public org.springframework.test.context.support.DefaultBootstrapContext(java.lang.Class,org.springframework.test.context.CacheAwareContextLoaderDelegate)]
17:08:21.235 [main] DEBUG o.s.test.context.BootstrapUtils - Instantiating TestContextBootstrapper for test class [spring.boot.example.controller.BoardControllerTest] from class [org.springframework.test.context.web.WebTestContextBootstrapper]
17:08:21.236 [main] DEBUG o.s.t.c.w.WebTestContextBootstrapper - Found explicit ContextLoader class [org.springframework.boot.test.SpringApplicationContextLoader] for context configuration attributes [ContextConfigurationAttributes@22eeefeb declaringClass = 'spring.boot.example.base.BaseControllerTests', classes = '{class spring.boot.example.config.SampleWebJspApplication}', locations = '{}', inheritLocations = true, initializers = '{}', inheritInitializers = true, name = [null], contextLoaderClass = 'org.springframework.boot.test.SpringApplicationContextLoader']
17:08:21.236 [main] DEBUG o.s.t.c.s.AbstractContextLoader - Did not detect default resource location for test class [spring.boot.example.base.BaseControllerTests]: class path resource [spring/boot/example/base/BaseControllerTests-context.xml] does not exist
17:08:21.237 [main] DEBUG o.s.t.c.s.AbstractContextLoader - Did not detect default resource location for test class [spring.boot.example.base.BaseControllerTests]: class path resource [spring/boot/example/base/BaseControllerTestsContext.groovy] does not exist
17:08:21.237 [main] INFO  o.s.t.c.s.AbstractContextLoader - Could not detect default resource locations for test class [spring.boot.example.base.BaseControllerTests]: no resource found for suffixes {-context.xml, Context.groovy}.
17:08:21.237 [main] DEBUG o.s.t.c.support.ActiveProfilesUtils - Could not find an 'annotation declaring class' for annotation type [org.springframework.test.context.ActiveProfiles] and class [spring.boot.example.controller.BoardControllerTest]
17:08:21.237 [main] DEBUG o.s.t.c.w.WebTestContextBootstrapper - @TestExecutionListeners is not present for class [spring.boot.example.controller.BoardControllerTest]: using defaults.
17:08:21.239 [main] INFO  o.s.t.c.w.WebTestContextBootstrapper - Loaded default TestExecutionListener class names from location [META-INF/spring.factories]: [org.springframework.test.context.web.ServletTestExecutionListener, org.springframework.test.context.support.DirtiesContextBeforeModesTestExecutionListener, org.springframework.test.context.support.DependencyInjectionTestExecutionListener, org.springframework.test.context.support.DirtiesContextTestExecutionListener, org.springframework.test.context.transaction.TransactionalTestExecutionListener, org.springframework.test.context.jdbc.SqlScriptsTestExecutionListener]
17:08:21.239 [main] INFO  o.s.t.c.w.WebTestContextBootstrapper - Using TestExecutionListeners: [org.springframework.test.context.web.ServletTestExecutionListener@782663d3, org.springframework.test.context.support.DirtiesContextBeforeModesTestExecutionListener@1990a65e, org.springframework.test.context.support.DependencyInjectionTestExecutionListener@64485a47, org.springframework.test.context.support.DirtiesContextTestExecutionListener@25bbf683, org.springframework.test.context.transaction.TransactionalTestExecutionListener@6ec8211c, org.springframework.test.context.jdbc.SqlScriptsTestExecutionListener@7276c8cd]
17:08:21.239 [main] DEBUG o.s.t.annotation.ProfileValueUtils - Retrieved @ProfileValueSourceConfiguration [null] for test class [spring.boot.example.controller.BoardControllerTest]
17:08:21.239 [main] DEBUG o.s.t.annotation.ProfileValueUtils - Retrieved ProfileValueSource type [class org.springframework.test.annotation.SystemProfileValueSource] for class [spring.boot.example.controller.BoardControllerTest]
17:08:21.240 [main] DEBUG o.s.t.annotation.ProfileValueUtils - Retrieved @ProfileValueSourceConfiguration [null] for test class [spring.boot.example.controller.BoardControllerTest]
17:08:21.240 [main] DEBUG o.s.t.annotation.ProfileValueUtils - Retrieved ProfileValueSource type [class org.springframework.test.annotation.SystemProfileValueSource] for class [spring.boot.example.controller.BoardControllerTest]
17:08:21.242 [main] DEBUG o.s.t.c.s.AbstractDirtiesContextTestExecutionListener - Before test class: context [DefaultTestContext@43a0cee9 testClass = BoardControllerTest, testInstance = [null], testMethod = [null], testException = [null], mergedContextConfiguration = [WebMergedContextConfiguration@eb21112 testClass = BoardControllerTest, locations = '{}', classes = '{class spring.boot.example.config.SampleWebJspApplication}', contextInitializerClasses = '[]', activeProfiles = '{}', propertySourceLocations = '{}', propertySourceProperties = '{}', resourceBasePath = 'src/main/webapp', contextLoader = 'org.springframework.boot.test.SpringApplicationContextLoader', parent = [null]]], class annotated with @DirtiesContext [false] with mode [null].
]]></system-out>
  </testcase>
  <testcase name="testBoards" classname="spring.boot.example.controller.BoardControllerTest" time="0.088"/>
</testsuite>